<?xml version="1.0" encoding="UTF-8"?>
<!-- Generated by org.testng.reporters.JUnitXMLReporter -->
<testsuite ignored="12" hostname="DESKTOP-210LHAF" failures="0" tests="26" name="Default test" time="1.475" errors="0" timestamp="2025-07-01T16:52:38 IST">
  <testcase classname="base.ProjectSpecificationMethod" name="@BeforeMethod browserLaunchAndUrlLoad" time="-1.75136895734E9">
    <failure type="org.testng.TestNGException" message="
Parameter &amp;apos;browser&amp;apos; is required by BeforeMethod on method browserLaunchAndUrlLoad but has not been marked @Optional or defined
in C:\Users\Vaseera\AppData\Local\Temp\testng-eclipse-875729678\testng-customsuite.xml">
      <![CDATA[org.testng.TestNGException: 
Parameter 'browser' is required by BeforeMethod on method browserLaunchAndUrlLoad but has not been marked @Optional or defined
in C:\Users\Vaseera\AppData\Local\Temp\testng-eclipse-875729678\testng-customsuite.xml
at org.testng.internal.Parameters.createParams(Parameters.java:264)
at org.testng.internal.Parameters.createParametersForMethod(Parameters.java:352)
at org.testng.internal.Parameters.createParameters(Parameters.java:690)
at org.testng.internal.Parameters.createConfigurationParameters(Parameters.java:163)
at org.testng.internal.invokers.ConfigInvoker.invokeConfigurations(ConfigInvoker.java:313)
at org.testng.internal.invokers.TestInvoker.runConfigMethods(TestInvoker.java:836)
at org.testng.internal.invokers.TestInvoker.invokeMethod(TestInvoker.java:601)
at org.testng.internal.invokers.TestInvoker.invokeTestMethod(TestInvoker.java:230)
at org.testng.internal.invokers.MethodRunner.runInSequence(MethodRunner.java:63)
at org.testng.internal.invokers.TestInvoker$MethodInvocationAgent.invoke(TestInvoker.java:995)
at org.testng.internal.invokers.TestInvoker.invokeTestMethods(TestInvoker.java:203)
at org.testng.internal.invokers.TestMethodWorker.invokeTestMethods(TestMethodWorker.java:154)
at org.testng.internal.invokers.TestMethodWorker.run(TestMethodWorker.java:134)
at java.base/java.util.ArrayList.forEach(ArrayList.java:1596)
at org.testng.TestRunner.privateRun(TestRunner.java:741)
at org.testng.TestRunner.run(TestRunner.java:616)
at org.testng.SuiteRunner.runTest(SuiteRunner.java:421)
at org.testng.SuiteRunner.runSequentially(SuiteRunner.java:413)
at org.testng.SuiteRunner.privateRun(SuiteRunner.java:373)
at org.testng.SuiteRunner.run(SuiteRunner.java:312)
at org.testng.SuiteRunnerWorker.runSuite(SuiteRunnerWorker.java:52)
at org.testng.SuiteRunnerWorker.run(SuiteRunnerWorker.java:95)
at org.testng.TestNG.runSuitesSequentially(TestNG.java:1274)
at org.testng.TestNG.runSuitesLocally(TestNG.java:1208)
at org.testng.TestNG.runSuites(TestNG.java:1112)
at org.testng.TestNG.run(TestNG.java:1079)
at org.testng.remote.AbstractRemoteTestNG.run(AbstractRemoteTestNG.java:115)
at org.testng.remote.RemoteTestNG.initAndRun(RemoteTestNG.java:293)
at org.testng.remote.RemoteTestNG.main(RemoteTestNG.java:91)
]]>
    </failure>
  </testcase> <!-- @BeforeMethod browserLaunchAndUrlLoad -->
  <testcase classname="base.ProjectSpecificationMethod" name="@BeforeMethod browserLaunchAndUrlLoad" time="0.0">
    <skipped/>
  </testcase> <!-- @BeforeMethod browserLaunchAndUrlLoad -->
  <testcase classname="base.ProjectSpecificationMethod" name="@BeforeMethod browserLaunchAndUrlLoad" time="-1.751368957386E9">
    <failure type="org.testng.TestNGException" message="
Parameter &amp;apos;browser&amp;apos; is required by BeforeMethod on method browserLaunchAndUrlLoad but has not been marked @Optional or defined
in C:\Users\Vaseera\AppData\Local\Temp\testng-eclipse-875729678\testng-customsuite.xml">
      <![CDATA[org.testng.TestNGException: 
Parameter 'browser' is required by BeforeMethod on method browserLaunchAndUrlLoad but has not been marked @Optional or defined
in C:\Users\Vaseera\AppData\Local\Temp\testng-eclipse-875729678\testng-customsuite.xml
at org.testng.internal.Parameters.createParams(Parameters.java:264)
at org.testng.internal.Parameters.createParametersForMethod(Parameters.java:352)
at org.testng.internal.Parameters.createParameters(Parameters.java:690)
at org.testng.internal.Parameters.createConfigurationParameters(Parameters.java:163)
at org.testng.internal.invokers.ConfigInvoker.invokeConfigurations(ConfigInvoker.java:313)
at org.testng.internal.invokers.TestInvoker.runConfigMethods(TestInvoker.java:836)
at org.testng.internal.invokers.TestInvoker.invokeMethod(TestInvoker.java:601)
at org.testng.internal.invokers.TestInvoker.invokeTestMethod(TestInvoker.java:230)
at org.testng.internal.invokers.MethodRunner.runInSequence(MethodRunner.java:63)
at org.testng.internal.invokers.TestInvoker$MethodInvocationAgent.invoke(TestInvoker.java:995)
at org.testng.internal.invokers.TestInvoker.invokeTestMethods(TestInvoker.java:203)
at org.testng.internal.invokers.TestMethodWorker.invokeTestMethods(TestMethodWorker.java:154)
at org.testng.internal.invokers.TestMethodWorker.run(TestMethodWorker.java:134)
at java.base/java.util.ArrayList.forEach(ArrayList.java:1596)
at org.testng.TestRunner.privateRun(TestRunner.java:741)
at org.testng.TestRunner.run(TestRunner.java:616)
at org.testng.SuiteRunner.runTest(SuiteRunner.java:421)
at org.testng.SuiteRunner.runSequentially(SuiteRunner.java:413)
at org.testng.SuiteRunner.privateRun(SuiteRunner.java:373)
at org.testng.SuiteRunner.run(SuiteRunner.java:312)
at org.testng.SuiteRunnerWorker.runSuite(SuiteRunnerWorker.java:52)
at org.testng.SuiteRunnerWorker.run(SuiteRunnerWorker.java:95)
at org.testng.TestNG.runSuitesSequentially(TestNG.java:1274)
at org.testng.TestNG.runSuitesLocally(TestNG.java:1208)
at org.testng.TestNG.runSuites(TestNG.java:1112)
at org.testng.TestNG.run(TestNG.java:1079)
at org.testng.remote.AbstractRemoteTestNG.run(AbstractRemoteTestNG.java:115)
at org.testng.remote.RemoteTestNG.initAndRun(RemoteTestNG.java:293)
at org.testng.remote.RemoteTestNG.main(RemoteTestNG.java:91)
]]>
    </failure>
  </testcase> <!-- @BeforeMethod browserLaunchAndUrlLoad -->
  <testcase classname="base.ProjectSpecificationMethod" name="@BeforeMethod browserLaunchAndUrlLoad" time="0.0">
    <skipped/>
  </testcase> <!-- @BeforeMethod browserLaunchAndUrlLoad -->
  <testcase classname="base.ProjectSpecificationMethod" name="@BeforeMethod browserLaunchAndUrlLoad" time="0.0">
    <skipped/>
  </testcase> <!-- @BeforeMethod browserLaunchAndUrlLoad -->
  <testcase classname="base.ProjectSpecificationMethod" name="@BeforeMethod browserLaunchAndUrlLoad" time="0.0">
    <skipped/>
  </testcase> <!-- @BeforeMethod browserLaunchAndUrlLoad -->
  <testcase classname="base.ProjectSpecificationMethod" name="@BeforeMethod browserLaunchAndUrlLoad" time="0.0">
    <skipped/>
  </testcase> <!-- @BeforeMethod browserLaunchAndUrlLoad -->
  <testcase classname="base.ProjectSpecificationMethod" name="@BeforeMethod browserLaunchAndUrlLoad" time="0.0">
    <skipped/>
  </testcase> <!-- @BeforeMethod browserLaunchAndUrlLoad -->
  <testcase classname="base.ProjectSpecificationMethod" name="@BeforeMethod browserLaunchAndUrlLoad" time="-1.751368958439E9">
    <failure type="org.testng.TestNGException" message="
Parameter &amp;apos;browser&amp;apos; is required by BeforeMethod on method browserLaunchAndUrlLoad but has not been marked @Optional or defined
in C:\Users\Vaseera\AppData\Local\Temp\testng-eclipse-875729678\testng-customsuite.xml">
      <![CDATA[org.testng.TestNGException: 
Parameter 'browser' is required by BeforeMethod on method browserLaunchAndUrlLoad but has not been marked @Optional or defined
in C:\Users\Vaseera\AppData\Local\Temp\testng-eclipse-875729678\testng-customsuite.xml
at org.testng.internal.Parameters.createParams(Parameters.java:264)
at org.testng.internal.Parameters.createParametersForMethod(Parameters.java:352)
at org.testng.internal.Parameters.createParameters(Parameters.java:690)
at org.testng.internal.Parameters.createConfigurationParameters(Parameters.java:163)
at org.testng.internal.invokers.ConfigInvoker.invokeConfigurations(ConfigInvoker.java:313)
at org.testng.internal.invokers.TestInvoker.runConfigMethods(TestInvoker.java:836)
at org.testng.internal.invokers.TestInvoker.invokeMethod(TestInvoker.java:601)
at org.testng.internal.invokers.TestInvoker.invokeTestMethod(TestInvoker.java:230)
at org.testng.internal.invokers.MethodRunner.runInSequence(MethodRunner.java:63)
at org.testng.internal.invokers.TestInvoker$MethodInvocationAgent.invoke(TestInvoker.java:995)
at org.testng.internal.invokers.TestInvoker.invokeTestMethods(TestInvoker.java:203)
at org.testng.internal.invokers.TestMethodWorker.invokeTestMethods(TestMethodWorker.java:154)
at org.testng.internal.invokers.TestMethodWorker.run(TestMethodWorker.java:134)
at java.base/java.util.ArrayList.forEach(ArrayList.java:1596)
at org.testng.TestRunner.privateRun(TestRunner.java:741)
at org.testng.TestRunner.run(TestRunner.java:616)
at org.testng.SuiteRunner.runTest(SuiteRunner.java:421)
at org.testng.SuiteRunner.runSequentially(SuiteRunner.java:413)
at org.testng.SuiteRunner.privateRun(SuiteRunner.java:373)
at org.testng.SuiteRunner.run(SuiteRunner.java:312)
at org.testng.SuiteRunnerWorker.runSuite(SuiteRunnerWorker.java:52)
at org.testng.SuiteRunnerWorker.run(SuiteRunnerWorker.java:95)
at org.testng.TestNG.runSuitesSequentially(TestNG.java:1274)
at org.testng.TestNG.runSuitesLocally(TestNG.java:1208)
at org.testng.TestNG.runSuites(TestNG.java:1112)
at org.testng.TestNG.run(TestNG.java:1079)
at org.testng.remote.AbstractRemoteTestNG.run(AbstractRemoteTestNG.java:115)
at org.testng.remote.RemoteTestNG.initAndRun(RemoteTestNG.java:293)
at org.testng.remote.RemoteTestNG.main(RemoteTestNG.java:91)
]]>
    </failure>
  </testcase> <!-- @BeforeMethod browserLaunchAndUrlLoad -->
  <testcase classname="base.ProjectSpecificationMethod" name="@BeforeMethod browserLaunchAndUrlLoad" time="0.0">
    <skipped/>
  </testcase> <!-- @BeforeMethod browserLaunchAndUrlLoad -->
  <testcase classname="base.ProjectSpecificationMethod" name="@BeforeMethod browserLaunchAndUrlLoad" time="0.0">
    <skipped/>
  </testcase> <!-- @BeforeMethod browserLaunchAndUrlLoad -->
  <testcase classname="base.ProjectSpecificationMethod" name="@BeforeMethod browserLaunchAndUrlLoad" time="0.0">
    <skipped/>
  </testcase> <!-- @BeforeMethod browserLaunchAndUrlLoad -->
  <testcase classname="base.ProjectSpecificationMethod" name="@BeforeMethod browserLaunchAndUrlLoad" time="-1.751368958564E9">
    <failure type="org.testng.TestNGException" message="
Parameter &amp;apos;browser&amp;apos; is required by BeforeMethod on method browserLaunchAndUrlLoad but has not been marked @Optional or defined
in C:\Users\Vaseera\AppData\Local\Temp\testng-eclipse-875729678\testng-customsuite.xml">
      <![CDATA[org.testng.TestNGException: 
Parameter 'browser' is required by BeforeMethod on method browserLaunchAndUrlLoad but has not been marked @Optional or defined
in C:\Users\Vaseera\AppData\Local\Temp\testng-eclipse-875729678\testng-customsuite.xml
at org.testng.internal.Parameters.createParams(Parameters.java:264)
at org.testng.internal.Parameters.createParametersForMethod(Parameters.java:352)
at org.testng.internal.Parameters.createParameters(Parameters.java:690)
at org.testng.internal.Parameters.createConfigurationParameters(Parameters.java:163)
at org.testng.internal.invokers.ConfigInvoker.invokeConfigurations(ConfigInvoker.java:313)
at org.testng.internal.invokers.TestInvoker.runConfigMethods(TestInvoker.java:836)
at org.testng.internal.invokers.TestInvoker.invokeMethod(TestInvoker.java:601)
at org.testng.internal.invokers.TestInvoker.invokeTestMethod(TestInvoker.java:230)
at org.testng.internal.invokers.MethodRunner.runInSequence(MethodRunner.java:63)
at org.testng.internal.invokers.TestInvoker$MethodInvocationAgent.invoke(TestInvoker.java:995)
at org.testng.internal.invokers.TestInvoker.invokeTestMethods(TestInvoker.java:203)
at org.testng.internal.invokers.TestMethodWorker.invokeTestMethods(TestMethodWorker.java:154)
at org.testng.internal.invokers.TestMethodWorker.run(TestMethodWorker.java:134)
at java.base/java.util.ArrayList.forEach(ArrayList.java:1596)
at org.testng.TestRunner.privateRun(TestRunner.java:741)
at org.testng.TestRunner.run(TestRunner.java:616)
at org.testng.SuiteRunner.runTest(SuiteRunner.java:421)
at org.testng.SuiteRunner.runSequentially(SuiteRunner.java:413)
at org.testng.SuiteRunner.privateRun(SuiteRunner.java:373)
at org.testng.SuiteRunner.run(SuiteRunner.java:312)
at org.testng.SuiteRunnerWorker.runSuite(SuiteRunnerWorker.java:52)
at org.testng.SuiteRunnerWorker.run(SuiteRunnerWorker.java:95)
at org.testng.TestNG.runSuitesSequentially(TestNG.java:1274)
at org.testng.TestNG.runSuitesLocally(TestNG.java:1208)
at org.testng.TestNG.runSuites(TestNG.java:1112)
at org.testng.TestNG.run(TestNG.java:1079)
at org.testng.remote.AbstractRemoteTestNG.run(AbstractRemoteTestNG.java:115)
at org.testng.remote.RemoteTestNG.initAndRun(RemoteTestNG.java:293)
at org.testng.remote.RemoteTestNG.main(RemoteTestNG.java:91)
]]>
    </failure>
  </testcase> <!-- @BeforeMethod browserLaunchAndUrlLoad -->
  <testcase classname="base.ProjectSpecificationMethod" name="@BeforeMethod browserLaunchAndUrlLoad" time="0.0">
    <skipped/>
  </testcase> <!-- @BeforeMethod browserLaunchAndUrlLoad -->
  <testcase classname="base.ProjectSpecificationMethod" name="@BeforeMethod browserLaunchAndUrlLoad" time="0.0">
    <skipped/>
  </testcase> <!-- @BeforeMethod browserLaunchAndUrlLoad -->
  <testcase classname="base.ProjectSpecificationMethod" name="@BeforeMethod browserLaunchAndUrlLoad" time="0.0">
    <skipped/>
  </testcase> <!-- @BeforeMethod browserLaunchAndUrlLoad -->
  <testcase classname="base.ProjectSpecificationMethod" name="@BeforeMethod browserLaunchAndUrlLoad" time="0.0">
    <skipped/>
  </testcase> <!-- @BeforeMethod browserLaunchAndUrlLoad -->
  <testcase classname="base.ProjectSpecificationMethod" name="@BeforeMethod browserLaunchAndUrlLoad" time="-1.751368958595E9">
    <failure type="org.testng.TestNGException" message="
Parameter &amp;apos;browser&amp;apos; is required by BeforeMethod on method browserLaunchAndUrlLoad but has not been marked @Optional or defined
in C:\Users\Vaseera\AppData\Local\Temp\testng-eclipse-875729678\testng-customsuite.xml">
      <![CDATA[org.testng.TestNGException: 
Parameter 'browser' is required by BeforeMethod on method browserLaunchAndUrlLoad but has not been marked @Optional or defined
in C:\Users\Vaseera\AppData\Local\Temp\testng-eclipse-875729678\testng-customsuite.xml
at org.testng.internal.Parameters.createParams(Parameters.java:264)
at org.testng.internal.Parameters.createParametersForMethod(Parameters.java:352)
at org.testng.internal.Parameters.createParameters(Parameters.java:690)
at org.testng.internal.Parameters.createConfigurationParameters(Parameters.java:163)
at org.testng.internal.invokers.ConfigInvoker.invokeConfigurations(ConfigInvoker.java:313)
at org.testng.internal.invokers.TestInvoker.runConfigMethods(TestInvoker.java:836)
at org.testng.internal.invokers.TestInvoker.invokeMethod(TestInvoker.java:601)
at org.testng.internal.invokers.TestInvoker.invokeTestMethod(TestInvoker.java:230)
at org.testng.internal.invokers.MethodRunner.runInSequence(MethodRunner.java:63)
at org.testng.internal.invokers.TestInvoker$MethodInvocationAgent.invoke(TestInvoker.java:995)
at org.testng.internal.invokers.TestInvoker.invokeTestMethods(TestInvoker.java:203)
at org.testng.internal.invokers.TestMethodWorker.invokeTestMethods(TestMethodWorker.java:154)
at org.testng.internal.invokers.TestMethodWorker.run(TestMethodWorker.java:134)
at java.base/java.util.ArrayList.forEach(ArrayList.java:1596)
at org.testng.TestRunner.privateRun(TestRunner.java:741)
at org.testng.TestRunner.run(TestRunner.java:616)
at org.testng.SuiteRunner.runTest(SuiteRunner.java:421)
at org.testng.SuiteRunner.runSequentially(SuiteRunner.java:413)
at org.testng.SuiteRunner.privateRun(SuiteRunner.java:373)
at org.testng.SuiteRunner.run(SuiteRunner.java:312)
at org.testng.SuiteRunnerWorker.runSuite(SuiteRunnerWorker.java:52)
at org.testng.SuiteRunnerWorker.run(SuiteRunnerWorker.java:95)
at org.testng.TestNG.runSuitesSequentially(TestNG.java:1274)
at org.testng.TestNG.runSuitesLocally(TestNG.java:1208)
at org.testng.TestNG.runSuites(TestNG.java:1112)
at org.testng.TestNG.run(TestNG.java:1079)
at org.testng.remote.AbstractRemoteTestNG.run(AbstractRemoteTestNG.java:115)
at org.testng.remote.RemoteTestNG.initAndRun(RemoteTestNG.java:293)
at org.testng.remote.RemoteTestNG.main(RemoteTestNG.java:91)
]]>
    </failure>
  </testcase> <!-- @BeforeMethod browserLaunchAndUrlLoad -->
  <testcase classname="base.ProjectSpecificationMethod" name="@BeforeMethod browserLaunchAndUrlLoad" time="0.0">
    <skipped/>
  </testcase> <!-- @BeforeMethod browserLaunchAndUrlLoad -->
  <testcase classname="base.ProjectSpecificationMethod" name="@BeforeMethod browserLaunchAndUrlLoad" time="-1.751368958678E9">
    <failure type="org.testng.TestNGException" message="
Parameter &amp;apos;browser&amp;apos; is required by BeforeMethod on method browserLaunchAndUrlLoad but has not been marked @Optional or defined
in C:\Users\Vaseera\AppData\Local\Temp\testng-eclipse-875729678\testng-customsuite.xml">
      <![CDATA[org.testng.TestNGException: 
Parameter 'browser' is required by BeforeMethod on method browserLaunchAndUrlLoad but has not been marked @Optional or defined
in C:\Users\Vaseera\AppData\Local\Temp\testng-eclipse-875729678\testng-customsuite.xml
at org.testng.internal.Parameters.createParams(Parameters.java:264)
at org.testng.internal.Parameters.createParametersForMethod(Parameters.java:352)
at org.testng.internal.Parameters.createParameters(Parameters.java:690)
at org.testng.internal.Parameters.createConfigurationParameters(Parameters.java:163)
at org.testng.internal.invokers.ConfigInvoker.invokeConfigurations(ConfigInvoker.java:313)
at org.testng.internal.invokers.TestInvoker.runConfigMethods(TestInvoker.java:836)
at org.testng.internal.invokers.TestInvoker.invokeMethod(TestInvoker.java:601)
at org.testng.internal.invokers.TestInvoker.invokeTestMethod(TestInvoker.java:230)
at org.testng.internal.invokers.MethodRunner.runInSequence(MethodRunner.java:63)
at org.testng.internal.invokers.TestInvoker$MethodInvocationAgent.invoke(TestInvoker.java:995)
at org.testng.internal.invokers.TestInvoker.invokeTestMethods(TestInvoker.java:203)
at org.testng.internal.invokers.TestMethodWorker.invokeTestMethods(TestMethodWorker.java:154)
at org.testng.internal.invokers.TestMethodWorker.run(TestMethodWorker.java:134)
at java.base/java.util.ArrayList.forEach(ArrayList.java:1596)
at org.testng.TestRunner.privateRun(TestRunner.java:741)
at org.testng.TestRunner.run(TestRunner.java:616)
at org.testng.SuiteRunner.runTest(SuiteRunner.java:421)
at org.testng.SuiteRunner.runSequentially(SuiteRunner.java:413)
at org.testng.SuiteRunner.privateRun(SuiteRunner.java:373)
at org.testng.SuiteRunner.run(SuiteRunner.java:312)
at org.testng.SuiteRunnerWorker.runSuite(SuiteRunnerWorker.java:52)
at org.testng.SuiteRunnerWorker.run(SuiteRunnerWorker.java:95)
at org.testng.TestNG.runSuitesSequentially(TestNG.java:1274)
at org.testng.TestNG.runSuitesLocally(TestNG.java:1208)
at org.testng.TestNG.runSuites(TestNG.java:1112)
at org.testng.TestNG.run(TestNG.java:1079)
at org.testng.remote.AbstractRemoteTestNG.run(AbstractRemoteTestNG.java:115)
at org.testng.remote.RemoteTestNG.initAndRun(RemoteTestNG.java:293)
at org.testng.remote.RemoteTestNG.main(RemoteTestNG.java:91)
]]>
    </failure>
  </testcase> <!-- @BeforeMethod browserLaunchAndUrlLoad -->
  <testcase classname="base.ProjectSpecificationMethod" name="@BeforeMethod browserLaunchAndUrlLoad" time="0.0">
    <skipped/>
  </testcase> <!-- @BeforeMethod browserLaunchAndUrlLoad -->
  <testcase classname="base.ProjectSpecificationMethod" name="@BeforeMethod browserLaunchAndUrlLoad" time="0.0">
    <skipped/>
  </testcase> <!-- @BeforeMethod browserLaunchAndUrlLoad -->
  <testcase classname="base.ProjectSpecificationMethod" name="@BeforeMethod browserLaunchAndUrlLoad" time="0.0">
    <skipped/>
  </testcase> <!-- @BeforeMethod browserLaunchAndUrlLoad -->
  <testcase classname="base.ProjectSpecificationMethod" name="@BeforeMethod browserLaunchAndUrlLoad" time="-1.751368958703E9">
    <failure type="org.testng.TestNGException" message="
Parameter &amp;apos;browser&amp;apos; is required by BeforeMethod on method browserLaunchAndUrlLoad but has not been marked @Optional or defined
in C:\Users\Vaseera\AppData\Local\Temp\testng-eclipse-875729678\testng-customsuite.xml">
      <![CDATA[org.testng.TestNGException: 
Parameter 'browser' is required by BeforeMethod on method browserLaunchAndUrlLoad but has not been marked @Optional or defined
in C:\Users\Vaseera\AppData\Local\Temp\testng-eclipse-875729678\testng-customsuite.xml
at org.testng.internal.Parameters.createParams(Parameters.java:264)
at org.testng.internal.Parameters.createParametersForMethod(Parameters.java:352)
at org.testng.internal.Parameters.createParameters(Parameters.java:690)
at org.testng.internal.Parameters.createConfigurationParameters(Parameters.java:163)
at org.testng.internal.invokers.ConfigInvoker.invokeConfigurations(ConfigInvoker.java:313)
at org.testng.internal.invokers.TestInvoker.runConfigMethods(TestInvoker.java:836)
at org.testng.internal.invokers.TestInvoker.invokeMethod(TestInvoker.java:601)
at org.testng.internal.invokers.TestInvoker.invokeTestMethod(TestInvoker.java:230)
at org.testng.internal.invokers.MethodRunner.runInSequence(MethodRunner.java:63)
at org.testng.internal.invokers.TestInvoker$MethodInvocationAgent.invoke(TestInvoker.java:995)
at org.testng.internal.invokers.TestInvoker.invokeTestMethods(TestInvoker.java:203)
at org.testng.internal.invokers.TestMethodWorker.invokeTestMethods(TestMethodWorker.java:154)
at org.testng.internal.invokers.TestMethodWorker.run(TestMethodWorker.java:134)
at java.base/java.util.ArrayList.forEach(ArrayList.java:1596)
at org.testng.TestRunner.privateRun(TestRunner.java:741)
at org.testng.TestRunner.run(TestRunner.java:616)
at org.testng.SuiteRunner.runTest(SuiteRunner.java:421)
at org.testng.SuiteRunner.runSequentially(SuiteRunner.java:413)
at org.testng.SuiteRunner.privateRun(SuiteRunner.java:373)
at org.testng.SuiteRunner.run(SuiteRunner.java:312)
at org.testng.SuiteRunnerWorker.runSuite(SuiteRunnerWorker.java:52)
at org.testng.SuiteRunnerWorker.run(SuiteRunnerWorker.java:95)
at org.testng.TestNG.runSuitesSequentially(TestNG.java:1274)
at org.testng.TestNG.runSuitesLocally(TestNG.java:1208)
at org.testng.TestNG.runSuites(TestNG.java:1112)
at org.testng.TestNG.run(TestNG.java:1079)
at org.testng.remote.AbstractRemoteTestNG.run(AbstractRemoteTestNG.java:115)
at org.testng.remote.RemoteTestNG.initAndRun(RemoteTestNG.java:293)
at org.testng.remote.RemoteTestNG.main(RemoteTestNG.java:91)
]]>
    </failure>
  </testcase> <!-- @BeforeMethod browserLaunchAndUrlLoad -->
  <testcase classname="base.ProjectSpecificationMethod" name="@BeforeMethod browserLaunchAndUrlLoad" time="0.0">
    <skipped/>
  </testcase> <!-- @BeforeMethod browserLaunchAndUrlLoad -->
  <testcase classname="base.ProjectSpecificationMethod" name="@BeforeMethod browserLaunchAndUrlLoad" time="0.0">
    <skipped/>
  </testcase> <!-- @BeforeMethod browserLaunchAndUrlLoad -->
  <testcase classname="tests.ResponsiveTest" name="testNoHorizontalScrollOnMobile" time="0.0">
    <skipped/>
  </testcase> <!-- testNoHorizontalScrollOnMobile -->
  <testcase classname="tests.ResponsiveTest" name="testNoHorizontalScrollOnTablet" time="0.0">
    <skipped/>
  </testcase> <!-- testNoHorizontalScrollOnTablet -->
  <testcase classname="tests.NavigationModule" name="NavigationTest" time="0.0">
    <skipped/>
  </testcase> <!-- NavigationTest -->
  <testcase classname="tests.NavigationModule" name="ActionButtonsVisibility" time="0.0">
    <skipped/>
  </testcase> <!-- ActionButtonsVisibility -->
  <testcase classname="tests.NavigationModule" name="AddContactNavTest" time="0.0">
    <skipped/>
  </testcase> <!-- AddContactNavTest -->
  <testcase classname="tests.NavigationModule" name="EditContactNavTest" time="0.0">
    <skipped/>
  </testcase> <!-- EditContactNavTest -->
  <testcase classname="tests.NavigationModule" name="FontConsistency" time="0.001">
    <skipped/>
  </testcase> <!-- FontConsistency -->
  <testcase classname="tests.NavigationModule" name="getPasswordFieldType" time="0.0">
    <skipped/>
  </testcase> <!-- getPasswordFieldType -->
  <testcase classname="tests.LoginModule" name="Login" time="0.0">
    <skipped/>
  </testcase> <!-- Login -->
  <testcase classname="tests.LoginModule" name="Login" time="0.0">
    <skipped/>
  </testcase> <!-- Login -->
  <testcase classname="tests.LoginModule" name="Login" time="0.0">
    <skipped/>
  </testcase> <!-- Login -->
  <testcase classname="tests.LoginModule" name="Login" time="0.0">
    <skipped/>
  </testcase> <!-- Login -->
  <testcase classname="tests.AddContactModule" name="AddModule" time="0.0">
    <skipped/>
  </testcase> <!-- AddModule -->
  <testcase classname="tests.AddContactModule" name="AddModule" time="0.0">
    <skipped/>
  </testcase> <!-- AddModule -->
  <testcase classname="tests.AddContactModule" name="AddModule" time="0.0">
    <skipped/>
  </testcase> <!-- AddModule -->
  <testcase classname="tests.AddContactModule" name="AddModule" time="0.0">
    <skipped/>
  </testcase> <!-- AddModule -->
  <testcase classname="tests.AddContactModule" name="AddModule" time="0.0">
    <skipped/>
  </testcase> <!-- AddModule -->
  <testcase classname="tests.DeleteContactModule" name="DeleteContactAlert" time="0.0">
    <skipped/>
  </testcase> <!-- DeleteContactAlert -->
  <testcase classname="tests.DeleteContactModule" name="DeleteContact" time="0.0">
    <skipped/>
  </testcase> <!-- DeleteContact -->
  <testcase classname="tests.SignUpModule" name="SignUpTest" time="0.0">
    <skipped/>
  </testcase> <!-- SignUpTest -->
  <testcase classname="tests.SignUpModule" name="SignUpTest" time="0.0">
    <skipped/>
  </testcase> <!-- SignUpTest -->
  <testcase classname="tests.SignUpModule" name="SignUpTest" time="0.001">
    <skipped/>
  </testcase> <!-- SignUpTest -->
  <testcase classname="tests.SignUpModule" name="SignUpTest" time="0.0">
    <skipped/>
  </testcase> <!-- SignUpTest -->
  <testcase classname="tests.EditContactDetailsModule" name="testEditContact" time="0.0">
    <skipped/>
  </testcase> <!-- testEditContact -->
  <testcase classname="tests.EditContactDetailsModule" name="EditingExsitingContact" time="0.0">
    <skipped/>
  </testcase> <!-- EditingExsitingContact -->
  <testcase classname="tests.EditContactDetailsModule" name="VerifiyingCancelEdit" time="0.0">
    <skipped/>
  </testcase> <!-- VerifiyingCancelEdit -->
  <testcase classname="base.ProjectSpecificationMethod" name="@AfterSuite closeReport" time="0.0">
    <ignored/>
  </testcase> <!-- @AfterSuite closeReport -->
  <testcase classname="base.ProjectSpecificationMethod" name="@AfterSuite closeReport" time="0.0">
    <ignored/>
  </testcase> <!-- @AfterSuite closeReport -->
  <testcase classname="base.ProjectSpecificationMethod" name="@BeforeSuite createReport" time="0.0">
    <ignored/>
  </testcase> <!-- @BeforeSuite createReport -->
  <testcase classname="base.ProjectSpecificationMethod" name="@BeforeSuite createReport" time="0.0">
    <ignored/>
  </testcase> <!-- @BeforeSuite createReport -->
  <testcase classname="base.ProjectSpecificationMethod" name="@AfterSuite closeReport" time="0.0">
    <ignored/>
  </testcase> <!-- @AfterSuite closeReport -->
  <testcase classname="base.ProjectSpecificationMethod" name="@AfterSuite closeReport" time="0.0">
    <ignored/>
  </testcase> <!-- @AfterSuite closeReport -->
  <testcase classname="base.ProjectSpecificationMethod" name="@BeforeSuite createReport" time="0.0">
    <ignored/>
  </testcase> <!-- @BeforeSuite createReport -->
  <testcase classname="base.ProjectSpecificationMethod" name="@BeforeSuite createReport" time="0.0">
    <ignored/>
  </testcase> <!-- @BeforeSuite createReport -->
  <testcase classname="base.ProjectSpecificationMethod" name="@BeforeSuite createReport" time="0.0">
    <ignored/>
  </testcase> <!-- @BeforeSuite createReport -->
  <testcase classname="base.ProjectSpecificationMethod" name="@BeforeSuite createReport" time="0.0">
    <ignored/>
  </testcase> <!-- @BeforeSuite createReport -->
  <testcase classname="base.ProjectSpecificationMethod" name="@AfterSuite closeReport" time="0.0">
    <ignored/>
  </testcase> <!-- @AfterSuite closeReport -->
  <testcase classname="base.ProjectSpecificationMethod" name="@AfterSuite closeReport" time="0.0">
    <ignored/>
  </testcase> <!-- @AfterSuite closeReport -->
</testsuite> <!-- Default test -->
