<html>
<head>
<title>TestNG:  ChromeTest</title>
<link href="../testng.css" rel="stylesheet" type="text/css" />
<link href="../my-testng.css" rel="stylesheet" type="text/css" />

<style type="text/css">
.log { display: none;} 
.stack-trace { display: none;} 
</style>
<script type="text/javascript">
<!--
function flip(e) {
  current = e.style.display;
  if (current == 'block') {
    e.style.display = 'none';
    return 0;
  }
  else {
    e.style.display = 'block';
    return 1;
  }
}

function toggleBox(szDivId, elem, msg1, msg2)
{
  var res = -1;  if (document.getElementById) {
    res = flip(document.getElementById(szDivId));
  }
  else if (document.all) {
    // this is the way old msie versions work
    res = flip(document.all[szDivId]);
  }
  if(elem) {
    if(res == 0) elem.innerHTML = msg1; else elem.innerHTML = msg2;
  }

}

function toggleAllBoxes() {
  if (document.getElementsByTagName) {
    d = document.getElementsByTagName('div');
    for (i = 0; i < d.length; i++) {
      if (d[i].className == 'log') {
        flip(d[i]);
      }
    }
  }
}

// -->
</script>

</head>
<body>
<h2 align='center'>ChromeTest</h2><table border='1' align="center">
<tr>
<td>Tests passed/Failed/Skipped:</td><td>24/2/0</td>
</tr><tr>
<td>Started on:</td><td>Tue Jul 01 08:15:47 IST 2025</td>
</tr>
<tr><td>Total time:</td><td>334 seconds (334360 ms)</td>
</tr><tr>
<td>Included groups:</td><td></td>
</tr><tr>
<td>Excluded groups:</td><td></td>
</tr>
</table><p/>
<small><i>(Hover the method name to see the test class name)</i></small><p/>
<table width='100%' border='1' class='invocation-failed'>
<tr><td colspan='4' align='center'><b>FAILED TESTS</b></td></tr>
<tr><td><b>Test method</b></td>
<td><b>Attribute(s)</b></td>
<td width="30%"><b>Exception</b></td>
<td width="10%"><b>Time (seconds)</b></td>
<td><b>Instance</b></td>
</tr>
<tr>
<td title='tests.AddContactModule.AddModule()'><b>AddModule</b><br>Test class: tests.AddContactModule<br>Parameters: maytest@gmail.com, abdul123, Bee, Cube, 1999-12-21, qubebee@gmail.com, 8833440055, 1A heaven street, Near Hotchips, Udumalpet, Tamil Nadu, 665522, India, Duplicate, Click on any contact to view the Contact Details</td>
<td><div><pre>org.openqa.selenium.NoSuchElementException: no such element: Unable to locate element: {&quot;method&quot;:&quot;css selector&quot;,&quot;selector&quot;:&quot;#add\-contact&quot;}
  (Session info: chrome=138.0.7204.49)
For documentation on this error, please visit: https://www.selenium.dev/documentation/webdriver/troubleshooting/errors#no-such-element-exception
Build info: version: &apos;4.32.0&apos;, revision: &apos;d17c8aa950&apos;
System info: os.name: &apos;Windows 11&apos;, os.arch: &apos;amd64&apos;, os.version: &apos;10.0&apos;, java.version: &apos;21.0.6&apos;
Driver info: org.openqa.selenium.chrome.ChromeDriver
Command: [f991c91c2d3f67fb56e9cc50b4879003, findElement {using=id, value=add-contact}]
Capabilities {acceptInsecureCerts: false, browserName: chrome, browserVersion: 138.0.7204.49, chrome: {chromedriverVersion: 138.0.7204.92 (f079b9bc781e..., userDataDir: C:\Users\Vaseera\AppData\Lo...}, fedcm:accounts: true, goog:chromeOptions: {debuggerAddress: localhost:61881}, networkConnectionEnabled: false, pageLoadStrategy: normal, platformName: windows, proxy: Proxy(), se:cdp: ws://localhost:61881/devtoo..., se:cdpVersion: 138.0.7204.49, setWindowRect: true, strictFileInteractability: false, timeouts: {implicit: 0, pageLoad: 300000, script: 30000}, unhandledPromptBehavior: dismiss and notify, webauthn:extension:credBlob: true, webauthn:extension:largeBlob: true, webauthn:extension:minPinLength: true, webauthn:extension:prf: true, webauthn:virtualAuthenticators: true}
Session ID: f991c91c2d3f67fb56e9cc50b4879003
	at org.openqa.selenium.remote.ErrorCodec.decode(ErrorCodec.java:167)
	at org.openqa.selenium.remote.codec.w3c.W3CHttpResponseCodec.decode(W3CHttpResponseCodec.java:138)
	at org.openqa.selenium.remote.codec.w3c.W3CHttpResponseCodec.decode(W3CHttpResponseCodec.java:50)
	at org.openqa.selenium.remote.HttpCommandExecutor.execute(HttpCommandExecutor.java:215)
	at org.openqa.selenium.remote.service.DriverCommandExecutor.invokeExecute(DriverCommandExecutor.java:216)
	at org.openqa.selenium.remote.service.DriverCommandExecutor.execute(DriverCommandExecutor.java:174)
	at org.openqa.selenium.remote.RemoteWebDriver.execute(RemoteWebDriver.java:545)
	at org.openqa.selenium.remote.ElementLocation$ElementFinder$2.findElement(ElementLocation.java:165)
	at org.openqa.selenium.remote.ElementLocation.findElement(ElementLocation.java:59)
	at org.openqa.selenium.remote.RemoteWebDriver.findElement(RemoteWebDriver.java:368)
	at org.openqa.selenium.remote.RemoteWebDriver.findElement(RemoteWebDriver.java:362)
	at org.openqa.selenium.support.pagefactory.DefaultElementLocator.findElement(DefaultElementLocator.java:68)
	at org.openqa.selenium.support.pagefactory.internal.LocatingElementHandler.invoke(LocatingElementHandler.java:38)
	at jdk.proxy2/jdk.proxy2.$Proxy19.click(Unknown Source)
	at pages.ContactListPage.ClickAddContactList(ContactListPage.java:30)
	at tests.AddContactModule.AddModule(AddContactModule.java:33)
	at java.base/java.util.ArrayList.forEach(ArrayList.java:1596)
	at java.base/java.util.concurrent.FutureTask.run(FutureTask.java:317)
	at java.base/java.util.concurrent.ThreadPoolExecutor.runWorker(ThreadPoolExecutor.java:1144)
	at java.base/java.util.concurrent.ThreadPoolExecutor$Worker.run(ThreadPoolExecutor.java:642)
	at java.base/java.lang.Thread.run(Thread.java:1583)
... Removed 18 stack frames</pre></div><a href='#' onClick='toggleBox("stack-trace520745579", this, "Click to show all stack frames", "Click to hide stack frames")'>Click to show all stack frames</a>
<div class='stack-trace' id='stack-trace520745579'><pre>org.openqa.selenium.NoSuchElementException: no such element: Unable to locate element: {&quot;method&quot;:&quot;css selector&quot;,&quot;selector&quot;:&quot;#add\-contact&quot;}
  (Session info: chrome=138.0.7204.49)
For documentation on this error, please visit: https://www.selenium.dev/documentation/webdriver/troubleshooting/errors#no-such-element-exception
Build info: version: &apos;4.32.0&apos;, revision: &apos;d17c8aa950&apos;
System info: os.name: &apos;Windows 11&apos;, os.arch: &apos;amd64&apos;, os.version: &apos;10.0&apos;, java.version: &apos;21.0.6&apos;
Driver info: org.openqa.selenium.chrome.ChromeDriver
Command: [f991c91c2d3f67fb56e9cc50b4879003, findElement {using=id, value=add-contact}]
Capabilities {acceptInsecureCerts: false, browserName: chrome, browserVersion: 138.0.7204.49, chrome: {chromedriverVersion: 138.0.7204.92 (f079b9bc781e..., userDataDir: C:\Users\Vaseera\AppData\Lo...}, fedcm:accounts: true, goog:chromeOptions: {debuggerAddress: localhost:61881}, networkConnectionEnabled: false, pageLoadStrategy: normal, platformName: windows, proxy: Proxy(), se:cdp: ws://localhost:61881/devtoo..., se:cdpVersion: 138.0.7204.49, setWindowRect: true, strictFileInteractability: false, timeouts: {implicit: 0, pageLoad: 300000, script: 30000}, unhandledPromptBehavior: dismiss and notify, webauthn:extension:credBlob: true, webauthn:extension:largeBlob: true, webauthn:extension:minPinLength: true, webauthn:extension:prf: true, webauthn:virtualAuthenticators: true}
Session ID: f991c91c2d3f67fb56e9cc50b4879003
	at java.base/jdk.internal.reflect.DirectConstructorHandleAccessor.newInstance(DirectConstructorHandleAccessor.java:62)
	at java.base/java.lang.reflect.Constructor.newInstanceWithCaller(Constructor.java:502)
	at java.base/java.lang.reflect.Constructor.newInstance(Constructor.java:486)
	at org.openqa.selenium.remote.ErrorCodec.decode(ErrorCodec.java:167)
	at org.openqa.selenium.remote.codec.w3c.W3CHttpResponseCodec.decode(W3CHttpResponseCodec.java:138)
	at org.openqa.selenium.remote.codec.w3c.W3CHttpResponseCodec.decode(W3CHttpResponseCodec.java:50)
	at org.openqa.selenium.remote.HttpCommandExecutor.execute(HttpCommandExecutor.java:215)
	at org.openqa.selenium.remote.service.DriverCommandExecutor.invokeExecute(DriverCommandExecutor.java:216)
	at org.openqa.selenium.remote.service.DriverCommandExecutor.execute(DriverCommandExecutor.java:174)
	at org.openqa.selenium.remote.RemoteWebDriver.execute(RemoteWebDriver.java:545)
	at org.openqa.selenium.remote.ElementLocation$ElementFinder$2.findElement(ElementLocation.java:165)
	at org.openqa.selenium.remote.ElementLocation.findElement(ElementLocation.java:59)
	at org.openqa.selenium.remote.RemoteWebDriver.findElement(RemoteWebDriver.java:368)
	at org.openqa.selenium.remote.RemoteWebDriver.findElement(RemoteWebDriver.java:362)
	at org.openqa.selenium.support.pagefactory.DefaultElementLocator.findElement(DefaultElementLocator.java:68)
	at org.openqa.selenium.support.pagefactory.internal.LocatingElementHandler.invoke(LocatingElementHandler.java:38)
	at jdk.proxy2/jdk.proxy2.$Proxy19.click(Unknown Source)
	at pages.ContactListPage.ClickAddContactList(ContactListPage.java:30)
	at tests.AddContactModule.AddModule(AddContactModule.java:33)
	at java.base/jdk.internal.reflect.DirectMethodHandleAccessor.invoke(DirectMethodHandleAccessor.java:103)
	at java.base/java.lang.reflect.Method.invoke(Method.java:580)
	at org.testng.internal.invokers.MethodInvocationHelper.invokeMethod(MethodInvocationHelper.java:141)
	at org.testng.internal.invokers.TestInvoker.invokeMethod(TestInvoker.java:687)
	at org.testng.internal.invokers.TestInvoker.invokeTestMethod(TestInvoker.java:230)
	at org.testng.internal.invokers.MethodRunner.runInSequence(MethodRunner.java:63)
	at org.testng.internal.invokers.TestInvoker$MethodInvocationAgent.invoke(TestInvoker.java:995)
	at org.testng.internal.invokers.TestInvoker.invokeTestMethods(TestInvoker.java:203)
	at org.testng.internal.invokers.TestMethodWorker.invokeTestMethods(TestMethodWorker.java:154)
	at org.testng.internal.invokers.TestMethodWorker.run(TestMethodWorker.java:134)
	at java.base/java.util.ArrayList.forEach(ArrayList.java:1596)
	at org.testng.TestRunner.privateRun(TestRunner.java:741)
	at org.testng.TestRunner.run(TestRunner.java:616)
	at org.testng.SuiteRunner.runTest(SuiteRunner.java:421)
	at org.testng.SuiteRunner$SuiteWorker.run(SuiteRunner.java:463)
	at org.testng.internal.thread.ThreadUtil.lambda$execute$0(ThreadUtil.java:64)
	at java.base/java.util.concurrent.FutureTask.run(FutureTask.java:317)
	at java.base/java.util.concurrent.ThreadPoolExecutor.runWorker(ThreadPoolExecutor.java:1144)
	at java.base/java.util.concurrent.ThreadPoolExecutor$Worker.run(ThreadPoolExecutor.java:642)
	at java.base/java.lang.Thread.run(Thread.java:1583)
</pre></div></td>
<td>25</td>
<td>tests.AddContactModule@b3ca52e</td></tr>
<tr>
<td title='tests.SignUpModule.SignUpTest()'><b>SignUpTest</b><br>Test class: tests.SignUpModule<br>Parameters: Hate, Noodles, hatebrotest@gmail.com, abdul1234, Valid, Contact List</td>
<td><div><pre>org.openqa.selenium.NoSuchElementException: no such element: Unable to locate element: {&quot;method&quot;:&quot;xpath&quot;,&quot;selector&quot;:&quot;//h1[normalize-space()=&apos;Contact List&apos;]&quot;}
  (Session info: chrome=138.0.7204.49)
For documentation on this error, please visit: https://www.selenium.dev/documentation/webdriver/troubleshooting/errors#no-such-element-exception
Build info: version: &apos;4.32.0&apos;, revision: &apos;d17c8aa950&apos;
System info: os.name: &apos;Windows 11&apos;, os.arch: &apos;amd64&apos;, os.version: &apos;10.0&apos;, java.version: &apos;21.0.6&apos;
Driver info: org.openqa.selenium.chrome.ChromeDriver
Command: [6ff9401500c4c1863c3adf426b55ec6a, findElement {using=xpath, value=//h1[normalize-space()=&apos;Contact List&apos;]}]
Capabilities {acceptInsecureCerts: false, browserName: chrome, browserVersion: 138.0.7204.49, chrome: {chromedriverVersion: 138.0.7204.92 (f079b9bc781e..., userDataDir: C:\Users\Vaseera\AppData\Lo...}, fedcm:accounts: true, goog:chromeOptions: {debuggerAddress: localhost:61569}, networkConnectionEnabled: false, pageLoadStrategy: normal, platformName: windows, proxy: Proxy(), se:cdp: ws://localhost:61569/devtoo..., se:cdpVersion: 138.0.7204.49, setWindowRect: true, strictFileInteractability: false, timeouts: {implicit: 0, pageLoad: 300000, script: 30000}, unhandledPromptBehavior: dismiss and notify, webauthn:extension:credBlob: true, webauthn:extension:largeBlob: true, webauthn:extension:minPinLength: true, webauthn:extension:prf: true, webauthn:virtualAuthenticators: true}
Session ID: 6ff9401500c4c1863c3adf426b55ec6a
	at org.openqa.selenium.remote.ErrorCodec.decode(ErrorCodec.java:167)
	at org.openqa.selenium.remote.codec.w3c.W3CHttpResponseCodec.decode(W3CHttpResponseCodec.java:138)
	at org.openqa.selenium.remote.codec.w3c.W3CHttpResponseCodec.decode(W3CHttpResponseCodec.java:50)
	at org.openqa.selenium.remote.HttpCommandExecutor.execute(HttpCommandExecutor.java:215)
	at org.openqa.selenium.remote.service.DriverCommandExecutor.invokeExecute(DriverCommandExecutor.java:216)
	at org.openqa.selenium.remote.service.DriverCommandExecutor.execute(DriverCommandExecutor.java:174)
	at org.openqa.selenium.remote.RemoteWebDriver.execute(RemoteWebDriver.java:545)
	at org.openqa.selenium.remote.ElementLocation$ElementFinder$2.findElement(ElementLocation.java:165)
	at org.openqa.selenium.remote.ElementLocation.findElement(ElementLocation.java:59)
	at org.openqa.selenium.remote.RemoteWebDriver.findElement(RemoteWebDriver.java:368)
	at org.openqa.selenium.remote.RemoteWebDriver.findElement(RemoteWebDriver.java:362)
	at org.openqa.selenium.support.pagefactory.DefaultElementLocator.findElement(DefaultElementLocator.java:68)
	at org.openqa.selenium.support.pagefactory.internal.LocatingElementHandler.invoke(LocatingElementHandler.java:38)
	at jdk.proxy2/jdk.proxy2.$Proxy19.getText(Unknown Source)
	at pages.SignUpPage.validateSignup(SignUpPage.java:78)
	at tests.SignUpModule.SignUpTest(SignUpModule.java:33)
	at java.base/java.util.ArrayList.forEach(ArrayList.java:1596)
	at java.base/java.util.concurrent.FutureTask.run(FutureTask.java:317)
	at java.base/java.util.concurrent.ThreadPoolExecutor.runWorker(ThreadPoolExecutor.java:1144)
	at java.base/java.util.concurrent.ThreadPoolExecutor$Worker.run(ThreadPoolExecutor.java:642)
	at java.base/java.lang.Thread.run(Thread.java:1583)
... Removed 18 stack frames</pre></div><a href='#' onClick='toggleBox("stack-trace1026786831", this, "Click to show all stack frames", "Click to hide stack frames")'>Click to show all stack frames</a>
<div class='stack-trace' id='stack-trace1026786831'><pre>org.openqa.selenium.NoSuchElementException: no such element: Unable to locate element: {&quot;method&quot;:&quot;xpath&quot;,&quot;selector&quot;:&quot;//h1[normalize-space()=&apos;Contact List&apos;]&quot;}
  (Session info: chrome=138.0.7204.49)
For documentation on this error, please visit: https://www.selenium.dev/documentation/webdriver/troubleshooting/errors#no-such-element-exception
Build info: version: &apos;4.32.0&apos;, revision: &apos;d17c8aa950&apos;
System info: os.name: &apos;Windows 11&apos;, os.arch: &apos;amd64&apos;, os.version: &apos;10.0&apos;, java.version: &apos;21.0.6&apos;
Driver info: org.openqa.selenium.chrome.ChromeDriver
Command: [6ff9401500c4c1863c3adf426b55ec6a, findElement {using=xpath, value=//h1[normalize-space()=&apos;Contact List&apos;]}]
Capabilities {acceptInsecureCerts: false, browserName: chrome, browserVersion: 138.0.7204.49, chrome: {chromedriverVersion: 138.0.7204.92 (f079b9bc781e..., userDataDir: C:\Users\Vaseera\AppData\Lo...}, fedcm:accounts: true, goog:chromeOptions: {debuggerAddress: localhost:61569}, networkConnectionEnabled: false, pageLoadStrategy: normal, platformName: windows, proxy: Proxy(), se:cdp: ws://localhost:61569/devtoo..., se:cdpVersion: 138.0.7204.49, setWindowRect: true, strictFileInteractability: false, timeouts: {implicit: 0, pageLoad: 300000, script: 30000}, unhandledPromptBehavior: dismiss and notify, webauthn:extension:credBlob: true, webauthn:extension:largeBlob: true, webauthn:extension:minPinLength: true, webauthn:extension:prf: true, webauthn:virtualAuthenticators: true}
Session ID: 6ff9401500c4c1863c3adf426b55ec6a
	at java.base/jdk.internal.reflect.DirectConstructorHandleAccessor.newInstance(DirectConstructorHandleAccessor.java:62)
	at java.base/java.lang.reflect.Constructor.newInstanceWithCaller(Constructor.java:502)
	at java.base/java.lang.reflect.Constructor.newInstance(Constructor.java:486)
	at org.openqa.selenium.remote.ErrorCodec.decode(ErrorCodec.java:167)
	at org.openqa.selenium.remote.codec.w3c.W3CHttpResponseCodec.decode(W3CHttpResponseCodec.java:138)
	at org.openqa.selenium.remote.codec.w3c.W3CHttpResponseCodec.decode(W3CHttpResponseCodec.java:50)
	at org.openqa.selenium.remote.HttpCommandExecutor.execute(HttpCommandExecutor.java:215)
	at org.openqa.selenium.remote.service.DriverCommandExecutor.invokeExecute(DriverCommandExecutor.java:216)
	at org.openqa.selenium.remote.service.DriverCommandExecutor.execute(DriverCommandExecutor.java:174)
	at org.openqa.selenium.remote.RemoteWebDriver.execute(RemoteWebDriver.java:545)
	at org.openqa.selenium.remote.ElementLocation$ElementFinder$2.findElement(ElementLocation.java:165)
	at org.openqa.selenium.remote.ElementLocation.findElement(ElementLocation.java:59)
	at org.openqa.selenium.remote.RemoteWebDriver.findElement(RemoteWebDriver.java:368)
	at org.openqa.selenium.remote.RemoteWebDriver.findElement(RemoteWebDriver.java:362)
	at org.openqa.selenium.support.pagefactory.DefaultElementLocator.findElement(DefaultElementLocator.java:68)
	at org.openqa.selenium.support.pagefactory.internal.LocatingElementHandler.invoke(LocatingElementHandler.java:38)
	at jdk.proxy2/jdk.proxy2.$Proxy19.getText(Unknown Source)
	at pages.SignUpPage.validateSignup(SignUpPage.java:78)
	at tests.SignUpModule.SignUpTest(SignUpModule.java:33)
	at java.base/jdk.internal.reflect.DirectMethodHandleAccessor.invoke(DirectMethodHandleAccessor.java:103)
	at java.base/java.lang.reflect.Method.invoke(Method.java:580)
	at org.testng.internal.invokers.MethodInvocationHelper.invokeMethod(MethodInvocationHelper.java:141)
	at org.testng.internal.invokers.TestInvoker.invokeMethod(TestInvoker.java:687)
	at org.testng.internal.invokers.TestInvoker.invokeTestMethod(TestInvoker.java:230)
	at org.testng.internal.invokers.MethodRunner.runInSequence(MethodRunner.java:63)
	at org.testng.internal.invokers.TestInvoker$MethodInvocationAgent.invoke(TestInvoker.java:995)
	at org.testng.internal.invokers.TestInvoker.invokeTestMethods(TestInvoker.java:203)
	at org.testng.internal.invokers.TestMethodWorker.invokeTestMethods(TestMethodWorker.java:154)
	at org.testng.internal.invokers.TestMethodWorker.run(TestMethodWorker.java:134)
	at java.base/java.util.ArrayList.forEach(ArrayList.java:1596)
	at org.testng.TestRunner.privateRun(TestRunner.java:741)
	at org.testng.TestRunner.run(TestRunner.java:616)
	at org.testng.SuiteRunner.runTest(SuiteRunner.java:421)
	at org.testng.SuiteRunner$SuiteWorker.run(SuiteRunner.java:463)
	at org.testng.internal.thread.ThreadUtil.lambda$execute$0(ThreadUtil.java:64)
	at java.base/java.util.concurrent.FutureTask.run(FutureTask.java:317)
	at java.base/java.util.concurrent.ThreadPoolExecutor.runWorker(ThreadPoolExecutor.java:1144)
	at java.base/java.util.concurrent.ThreadPoolExecutor$Worker.run(ThreadPoolExecutor.java:642)
	at java.base/java.lang.Thread.run(Thread.java:1583)
</pre></div></td>
<td>26</td>
<td>tests.SignUpModule@7817fd62</td></tr>
</table><p>
<table width='100%' border='1' class='invocation-passed'>
<tr><td colspan='4' align='center'><b>PASSED TESTS</b></td></tr>
<tr><td><b>Test method</b></td>
<td><b>Attribute(s)</b></td>
<td width="30%"><b>Exception</b></td>
<td width="10%"><b>Time (seconds)</b></td>
<td><b>Instance</b></td>
</tr>
<tr>
<td title='tests.LoginModule.Login()'><b>Login</b><br>Test class: tests.LoginModule<br>Parameters: maytest@user.com, abdul123, invalid email, Incorrect username or password</td>
<td></td>
<td>0</td>
<td>tests.LoginModule@61322f9d</td></tr>
<tr>
<td title='tests.NavigationModule.EditContactNavTest()'><b>EditContactNavTest</b><br>Test class: tests.NavigationModule</td>
<td></td>
<td>3</td>
<td>tests.NavigationModule@6ad82709</td></tr>
<tr>
<td title='tests.EditContactDetailsModule.EditingExsitingContact()'><b>EditingExsitingContact</b><br>Test class: tests.EditContactDetailsModule</td>
<td></td>
<td>17</td>
<td>tests.EditContactDetailsModule@2362f559</td></tr>
<tr>
<td title='tests.SignUpModule.SignUpTest()'><b>SignUpTest</b><br>Test class: tests.SignUpModule<br>Parameters: Maggie, Noodles, name@name, Abdul1234, Wrong Format, User validation failed: email: Email is invalid</td>
<td></td>
<td>1</td>
<td>tests.SignUpModule@7817fd62</td></tr>
<tr>
<td title='tests.LoginModule.Login()'><b>Login</b><br>Test class: tests.LoginModule<br>Parameters: , , NoUser, Incorrect username or password</td>
<td></td>
<td>0</td>
<td>tests.LoginModule@61322f9d</td></tr>
<tr>
<td title='tests.ResponsiveTest.testNoHorizontalScrollOnTablet()'><b>testNoHorizontalScrollOnTablet</b><br>Test class: tests.ResponsiveTest</td>
<td></td>
<td>2</td>
<td>tests.ResponsiveTest@510f3d34</td></tr>
<tr>
<td title='tests.AddContactModule.AddModule()'><b>AddModule</b><br>Test class: tests.AddContactModule<br>Parameters: maytest@gmail.com, abdul123, , , 1999-12-21, qubebee@gmail.com, 8833440055, 1A heaven street, Near Hotchips, Udumalpet, Tamil Nadu, 665522, India, Without Name, Contact validation failed: firstName: Path `firstName` is required., lastName: Path `lastName` is required.</td>
<td></td>
<td>3</td>
<td>tests.AddContactModule@b3ca52e</td></tr>
<tr>
<td title='tests.EditContactDetailsModule.VerifiyingCancelEdit()'><b>VerifiyingCancelEdit</b><br>Test class: tests.EditContactDetailsModule</td>
<td></td>
<td>12</td>
<td>tests.EditContactDetailsModule@2362f559</td></tr>
<tr>
<td title='tests.NavigationModule.FontConsistency()'><b>FontConsistency</b><br>Test class: tests.NavigationModule</td>
<td></td>
<td>0</td>
<td>tests.NavigationModule@6ad82709</td></tr>
<tr>
<td title='tests.DeleteContactModule.DeleteContact()'><b>DeleteContact</b><br>Test class: tests.DeleteContactModule</td>
<td></td>
<td>6</td>
<td>tests.DeleteContactModule@8297b3a</td></tr>
<tr>
<td title='tests.ResponsiveTest.testNoHorizontalScrollOnMobile()'><b>testNoHorizontalScrollOnMobile</b><br>Test class: tests.ResponsiveTest</td>
<td></td>
<td>1</td>
<td>tests.ResponsiveTest@510f3d34</td></tr>
<tr>
<td title='tests.NavigationModule.ActionButtonsVisibility()'><b>ActionButtonsVisibility</b><br>Test class: tests.NavigationModule</td>
<td></td>
<td>0</td>
<td>tests.NavigationModule@6ad82709</td></tr>
<tr>
<td title='tests.LoginModule.Login()'><b>Login</b><br>Test class: tests.LoginModule<br>Parameters: maytest@gmail.com, abdul, invalid password, Incorrect username or password</td>
<td></td>
<td>1</td>
<td>tests.LoginModule@61322f9d</td></tr>
<tr>
<td title='tests.NavigationModule.NavigationTest()'><b>NavigationTest</b><br>Test class: tests.NavigationModule</td>
<td></td>
<td>4</td>
<td>tests.NavigationModule@6ad82709</td></tr>
<tr>
<td title='tests.AddContactModule.AddModule()'><b>AddModule</b><br>Test class: tests.AddContactModule<br>Parameters: maytest@gmail.com, abdul123, , , , , , , , , , , , No User, Contact validation failed: firstName: Path `firstName` is required., lastName: Path `lastName` is required.</td>
<td></td>
<td>3</td>
<td>tests.AddContactModule@b3ca52e</td></tr>
<tr>
<td title='tests.AddContactModule.AddModule()'><b>AddModule</b><br>Test class: tests.AddContactModule<br>Parameters: maytest@gmail.com, abdul123, Bee, Qube, 1999-12-21, qubebee@gmail.com, 9999, 1A heaven street, Near Hotchips, Udumalpet, Tamil Nadu, 665522, India, Invalid Phn, Contact validation failed: phone: Phone number is invalid</td>
<td></td>
<td>3</td>
<td>tests.AddContactModule@b3ca52e</td></tr>
<tr>
<td title='tests.DeleteContactModule.DeleteContactAlert()'><b>DeleteContactAlert</b><br>Test class: tests.DeleteContactModule</td>
<td></td>
<td>7</td>
<td>tests.DeleteContactModule@8297b3a</td></tr>
<tr>
<td title='tests.LoginModule.Login()'><b>Login</b><br>Test class: tests.LoginModule<br>Parameters: maytest@gmail.com, abdul123, valid, Contact List</td>
<td></td>
<td>1</td>
<td>tests.LoginModule@61322f9d</td></tr>
<tr>
<td title='tests.SignUpModule.SignUpTest()'><b>SignUpTest</b><br>Test class: tests.SignUpModule<br>Parameters: , , , , No User, User validation failed: firstName: Path `firstName` is required., lastName: Path `lastName` is required., email: Email is invalid, password: Path `password` is required.</td>
<td></td>
<td>1</td>
<td>tests.SignUpModule@7817fd62</td></tr>
<tr>
<td title='tests.NavigationModule.AddContactNavTest()'><b>AddContactNavTest</b><br>Test class: tests.NavigationModule</td>
<td></td>
<td>5</td>
<td>tests.NavigationModule@6ad82709</td></tr>
<tr>
<td title='tests.SignUpModule.SignUpTest()'><b>SignUpTest</b><br>Test class: tests.SignUpModule<br>Parameters: May, Dragon, maytestbro@gmail.com, abdul1234, Duplicate, Email address is already in use</td>
<td></td>
<td>1</td>
<td>tests.SignUpModule@7817fd62</td></tr>
<tr>
<td title='tests.AddContactModule.AddModule()'><b>AddModule</b><br>Test class: tests.AddContactModule<br>Parameters: maytest@gmail.com, abdul123, Bee, Cube, 1999-12-21, qubebee@gmail.com, 8833440055, 1A heaven street, Near Hotchips, Udumalpet, Tamil Nadu, 665522, India, Valid, Click on any contact to view the Contact Details</td>
<td></td>
<td>4</td>
<td>tests.AddContactModule@b3ca52e</td></tr>
<tr>
<td title='tests.NavigationModule.getPasswordFieldType()'><b>getPasswordFieldType</b><br>Test class: tests.NavigationModule</td>
<td></td>
<td>0</td>
<td>tests.NavigationModule@6ad82709</td></tr>
<tr>
<td title='tests.EditContactDetailsModule.testEditContact()'><b>testEditContact</b><br>Test class: tests.EditContactDetailsModule</td>
<td></td>
<td>10</td>
<td>tests.EditContactDetailsModule@2362f559</td></tr>
</table><p>
</body>
</html>