<html>
<head>
<title>TestNG:  Test</title>
<link href="../testng.css" rel="stylesheet" type="text/css" />
<link href="../my-testng.css" rel="stylesheet" type="text/css" />

<style type="text/css">
.log { display: none;} 
.stack-trace { display: none;} 
</style>
<script type="text/javascript">
<!--
function flip(e) {
  current = e.style.display;
  if (current == 'block') {
    e.style.display = 'none';
    return 0;
  }
  else {
    e.style.display = 'block';
    return 1;
  }
}

function toggleBox(szDivId, elem, msg1, msg2)
{
  var res = -1;  if (document.getElementById) {
    res = flip(document.getElementById(szDivId));
  }
  else if (document.all) {
    // this is the way old msie versions work
    res = flip(document.all[szDivId]);
  }
  if(elem) {
    if(res == 0) elem.innerHTML = msg1; else elem.innerHTML = msg2;
  }

}

function toggleAllBoxes() {
  if (document.getElementsByTagName) {
    d = document.getElementsByTagName('div');
    for (i = 0; i < d.length; i++) {
      if (d[i].className == 'log') {
        flip(d[i]);
      }
    }
  }
}

// -->
</script>

</head>
<body>
<h2 align='center'>Test</h2><table border='1' align="center">
<tr>
<td>Tests passed/Failed/Skipped:</td><td>25/1/0</td>
</tr><tr>
<td>Started on:</td><td>Wed Jul 02 11:12:38 IST 2025</td>
</tr>
<tr><td>Total time:</td><td>255 seconds (255127 ms)</td>
</tr><tr>
<td>Included groups:</td><td></td>
</tr><tr>
<td>Excluded groups:</td><td></td>
</tr>
</table><p/>
<small><i>(Hover the method name to see the test class name)</i></small><p/>
<table width='100%' border='1' class='invocation-failed'>
<tr><td colspan='4' align='center'><b>FAILED TESTS</b></td></tr>
<tr><td><b>Test method</b></td>
<td><b>Attribute(s)</b></td>
<td width="30%"><b>Exception</b></td>
<td width="10%"><b>Time (seconds)</b></td>
<td><b>Instance</b></td>
</tr>
<tr>
<td title='tests.DeleteContactModule.DeleteContactAlert()'><b>DeleteContactAlert</b><br>Test class: tests.DeleteContactModule</td>
<td><div><pre>org.openqa.selenium.UnhandledAlertException: unexpected alert open: {Alert text : Are you sure you want to delete this contact?}
  (Session info: chrome=138.0.7204.97): Are you sure you want to delete this contact?
Build info: version: &apos;4.32.0&apos;, revision: &apos;d17c8aa950&apos;
System info: os.name: &apos;Windows 11&apos;, os.arch: &apos;amd64&apos;, os.version: &apos;10.0&apos;, java.version: &apos;21.0.6&apos;
Driver info: org.openqa.selenium.chrome.ChromeDriver
Command: [3fcafd875d18d1fcbb71d7124fa666ed, screenshot {}]
Capabilities {acceptInsecureCerts: false, browserName: chrome, browserVersion: 138.0.7204.97, chrome: {chromedriverVersion: 138.0.7204.92 (f079b9bc781e..., userDataDir: C:\Users\Vaseera\AppData\Lo...}, fedcm:accounts: true, goog:chromeOptions: {debuggerAddress: localhost:50340}, networkConnectionEnabled: false, pageLoadStrategy: normal, platformName: windows, proxy: Proxy(), se:cdp: ws://localhost:50340/devtoo..., se:cdpVersion: 138.0.7204.97, setWindowRect: true, strictFileInteractability: false, timeouts: {implicit: 0, pageLoad: 300000, script: 30000}, unhandledPromptBehavior: dismiss and notify, webauthn:extension:credBlob: true, webauthn:extension:largeBlob: true, webauthn:extension:minPinLength: true, webauthn:extension:prf: true, webauthn:virtualAuthenticators: true}
Session ID: 3fcafd875d18d1fcbb71d7124fa666ed
	at org.openqa.selenium.remote.codec.w3c.W3CHttpResponseCodec.decode(W3CHttpResponseCodec.java:136)
	at org.openqa.selenium.remote.codec.w3c.W3CHttpResponseCodec.decode(W3CHttpResponseCodec.java:50)
	at org.openqa.selenium.remote.HttpCommandExecutor.execute(HttpCommandExecutor.java:215)
	at org.openqa.selenium.remote.service.DriverCommandExecutor.invokeExecute(DriverCommandExecutor.java:216)
	at org.openqa.selenium.remote.service.DriverCommandExecutor.execute(DriverCommandExecutor.java:174)
	at org.openqa.selenium.remote.RemoteWebDriver.execute(RemoteWebDriver.java:545)
	at org.openqa.selenium.remote.RemoteWebDriver.execute(RemoteWebDriver.java:618)
	at org.openqa.selenium.remote.RemoteWebDriver.execute(RemoteWebDriver.java:622)
	at org.openqa.selenium.remote.RemoteWebDriver.getScreenshotAs(RemoteWebDriver.java:334)
	at utils.Utility.screenShot(Utility.java:102)
	at utils.Listeners.onTestSuccess(Listeners.java:22)
	at java.base/java.util.ArrayList.forEach(ArrayList.java:1596)
... Removed 28 stack frames</pre></div><a href='#' onClick='toggleBox("stack-trace1020242985", this, "Click to show all stack frames", "Click to hide stack frames")'>Click to show all stack frames</a>
<div class='stack-trace' id='stack-trace1020242985'><pre>org.openqa.selenium.UnhandledAlertException: unexpected alert open: {Alert text : Are you sure you want to delete this contact?}
  (Session info: chrome=138.0.7204.97): Are you sure you want to delete this contact?
Build info: version: &apos;4.32.0&apos;, revision: &apos;d17c8aa950&apos;
System info: os.name: &apos;Windows 11&apos;, os.arch: &apos;amd64&apos;, os.version: &apos;10.0&apos;, java.version: &apos;21.0.6&apos;
Driver info: org.openqa.selenium.chrome.ChromeDriver
Command: [3fcafd875d18d1fcbb71d7124fa666ed, screenshot {}]
Capabilities {acceptInsecureCerts: false, browserName: chrome, browserVersion: 138.0.7204.97, chrome: {chromedriverVersion: 138.0.7204.92 (f079b9bc781e..., userDataDir: C:\Users\Vaseera\AppData\Lo...}, fedcm:accounts: true, goog:chromeOptions: {debuggerAddress: localhost:50340}, networkConnectionEnabled: false, pageLoadStrategy: normal, platformName: windows, proxy: Proxy(), se:cdp: ws://localhost:50340/devtoo..., se:cdpVersion: 138.0.7204.97, setWindowRect: true, strictFileInteractability: false, timeouts: {implicit: 0, pageLoad: 300000, script: 30000}, unhandledPromptBehavior: dismiss and notify, webauthn:extension:credBlob: true, webauthn:extension:largeBlob: true, webauthn:extension:minPinLength: true, webauthn:extension:prf: true, webauthn:virtualAuthenticators: true}
Session ID: 3fcafd875d18d1fcbb71d7124fa666ed
	at org.openqa.selenium.remote.codec.w3c.W3CHttpResponseCodec.decode(W3CHttpResponseCodec.java:136)
	at org.openqa.selenium.remote.codec.w3c.W3CHttpResponseCodec.decode(W3CHttpResponseCodec.java:50)
	at org.openqa.selenium.remote.HttpCommandExecutor.execute(HttpCommandExecutor.java:215)
	at org.openqa.selenium.remote.service.DriverCommandExecutor.invokeExecute(DriverCommandExecutor.java:216)
	at org.openqa.selenium.remote.service.DriverCommandExecutor.execute(DriverCommandExecutor.java:174)
	at org.openqa.selenium.remote.RemoteWebDriver.execute(RemoteWebDriver.java:545)
	at org.openqa.selenium.remote.RemoteWebDriver.execute(RemoteWebDriver.java:618)
	at org.openqa.selenium.remote.RemoteWebDriver.execute(RemoteWebDriver.java:622)
	at org.openqa.selenium.remote.RemoteWebDriver.getScreenshotAs(RemoteWebDriver.java:334)
	at utils.Utility.screenShot(Utility.java:102)
	at utils.Listeners.onTestSuccess(Listeners.java:22)
	at org.testng.internal.TestListenerHelper.runTestListeners(TestListenerHelper.java:119)
	at org.testng.internal.invokers.TestInvoker.runTestResultListener(TestInvoker.java:285)
	at org.testng.internal.invokers.TestInvoker.invokeMethod(TestInvoker.java:777)
	at org.testng.internal.invokers.TestInvoker.invokeTestMethod(TestInvoker.java:230)
	at org.testng.internal.invokers.MethodRunner.runInSequence(MethodRunner.java:63)
	at org.testng.internal.invokers.TestInvoker$MethodInvocationAgent.invoke(TestInvoker.java:995)
	at org.testng.internal.invokers.TestInvoker.invokeTestMethods(TestInvoker.java:203)
	at org.testng.internal.invokers.TestMethodWorker.invokeTestMethods(TestMethodWorker.java:154)
	at org.testng.internal.invokers.TestMethodWorker.run(TestMethodWorker.java:134)
	at java.base/java.util.ArrayList.forEach(ArrayList.java:1596)
	at org.testng.TestRunner.privateRun(TestRunner.java:741)
	at org.testng.TestRunner.run(TestRunner.java:616)
	at org.testng.SuiteRunner.runTest(SuiteRunner.java:421)
	at org.testng.SuiteRunner.runSequentially(SuiteRunner.java:413)
	at org.testng.SuiteRunner.privateRun(SuiteRunner.java:373)
	at org.testng.SuiteRunner.run(SuiteRunner.java:312)
	at org.testng.SuiteRunnerWorker.runSuite(SuiteRunnerWorker.java:52)
	at org.testng.SuiteRunnerWorker.run(SuiteRunnerWorker.java:95)
	at org.testng.TestNG.runSuitesSequentially(TestNG.java:1274)
	at org.testng.TestNG.runSuitesLocally(TestNG.java:1208)
	at org.testng.TestNG.runSuites(TestNG.java:1112)
	at org.testng.TestNG.run(TestNG.java:1079)
	at org.apache.maven.surefire.testng.TestNGExecutor.run(TestNGExecutor.java:308)
	at org.apache.maven.surefire.testng.TestNGXmlTestSuite.execute(TestNGXmlTestSuite.java:71)
	at org.apache.maven.surefire.testng.TestNGProvider.invoke(TestNGProvider.java:113)
	at org.apache.maven.surefire.booter.ForkedBooter.runSuitesInProcess(ForkedBooter.java:385)
	at org.apache.maven.surefire.booter.ForkedBooter.execute(ForkedBooter.java:162)
	at org.apache.maven.surefire.booter.ForkedBooter.run(ForkedBooter.java:507)
	at org.apache.maven.surefire.booter.ForkedBooter.main(ForkedBooter.java:495)
</pre></div></td>
<td>13</td>
<td>tests.DeleteContactModule@47eaca72</td></tr>
</table><p>
<table width='100%' border='1' class='invocation-passed'>
<tr><td colspan='4' align='center'><b>PASSED TESTS</b></td></tr>
<tr><td><b>Test method</b></td>
<td><b>Attribute(s)</b></td>
<td width="30%"><b>Exception</b></td>
<td width="10%"><b>Time (seconds)</b></td>
<td><b>Instance</b></td>
</tr>
<tr>
<td title='tests.SignUpModule.SignUpTest()'><b>SignUpTest</b><br>Test class: tests.SignUpModule<br>Parameters: May, Dragon, maytestbro@gmail.com, abdul1234, Duplicate, Email address is already in use</td>
<td></td>
<td>1</td>
<td>tests.SignUpModule@1aafa419</td></tr>
<tr>
<td title='tests.EditContactDetailsModule.testEditContact()'><b>testEditContact</b><br>Test class: tests.EditContactDetailsModule</td>
<td></td>
<td>8</td>
<td>tests.EditContactDetailsModule@55141def</td></tr>
<tr>
<td title='tests.NavigationModule.ActionButtonsVisibility()'><b>ActionButtonsVisibility</b><br>Test class: tests.NavigationModule</td>
<td></td>
<td>0</td>
<td>tests.NavigationModule@7b2bbc3</td></tr>
<tr>
<td title='tests.AddContactModule.AddModule()'><b>AddModule</b><br>Test class: tests.AddContactModule<br>Parameters: maytest@gmail.com, abdul123, , , 1999-12-21, qubebee@gmail.com, 8833440055, 1A heaven street, Near Hotchips, Udumalpet, Tamil Nadu, 665522, India, Without Name, Contact validation failed: firstName: Path `firstName` is required., lastName: Path `lastName` is required.</td>
<td></td>
<td>3</td>
<td>tests.AddContactModule@7cc0cdad</td></tr>
<tr>
<td title='tests.NavigationModule.NavigationTest()'><b>NavigationTest</b><br>Test class: tests.NavigationModule</td>
<td></td>
<td>3</td>
<td>tests.NavigationModule@7b2bbc3</td></tr>
<tr>
<td title='tests.NavigationModule.getPasswordFieldType()'><b>getPasswordFieldType</b><br>Test class: tests.NavigationModule</td>
<td></td>
<td>0</td>
<td>tests.NavigationModule@7b2bbc3</td></tr>
<tr>
<td title='tests.LoginModule.Login()'><b>Login</b><br>Test class: tests.LoginModule<br>Parameters: maytest@gmail.com, abdul, invalid password, Incorrect username or password</td>
<td></td>
<td>0</td>
<td>tests.LoginModule@48f2bd5b</td></tr>
<tr>
<td title='tests.ResponsiveTest.testNoHorizontalScrollOnTablet()'><b>testNoHorizontalScrollOnTablet</b><br>Test class: tests.ResponsiveTest</td>
<td></td>
<td>1</td>
<td>tests.ResponsiveTest@a1153bc</td></tr>
<tr>
<td title='tests.LoginModule.Login()'><b>Login</b><br>Test class: tests.LoginModule<br>Parameters: , , NoUser, Incorrect username or password</td>
<td></td>
<td>0</td>
<td>tests.LoginModule@48f2bd5b</td></tr>
<tr>
<td title='tests.SignUpModule.SignUpTest()'><b>SignUpTest</b><br>Test class: tests.SignUpModule<br>Parameters: Maggie, Noodles, name@name, Abdul1234, Wrong Format, User validation failed: email: Email is invalid</td>
<td></td>
<td>1</td>
<td>tests.SignUpModule@1aafa419</td></tr>
<tr>
<td title='tests.AddContactModule.AddModule()'><b>AddModule</b><br>Test class: tests.AddContactModule<br>Parameters: maytest@gmail.com, abdul123, Bee, Cube, 1999-12-21, qubebee@gmail.com, 8833440055, 1A heaven street, Near Hotchips, Udumalpet, Tamil Nadu, 665522, India, Valid, Click on any contact to view the Contact Details</td>
<td></td>
<td>4</td>
<td>tests.AddContactModule@7cc0cdad</td></tr>
<tr>
<td title='tests.NavigationModule.EditContactNavTest()'><b>EditContactNavTest</b><br>Test class: tests.NavigationModule</td>
<td></td>
<td>2</td>
<td>tests.NavigationModule@7b2bbc3</td></tr>
<tr>
<td title='tests.AddContactModule.AddModule()'><b>AddModule</b><br>Test class: tests.AddContactModule<br>Parameters: maytest@gmail.com, abdul123, , , , , , , , , , , , No User, Contact validation failed: firstName: Path `firstName` is required., lastName: Path `lastName` is required.</td>
<td></td>
<td>3</td>
<td>tests.AddContactModule@7cc0cdad</td></tr>
<tr>
<td title='tests.ResponsiveTest.testNoHorizontalScrollOnMobile()'><b>testNoHorizontalScrollOnMobile</b><br>Test class: tests.ResponsiveTest</td>
<td></td>
<td>1</td>
<td>tests.ResponsiveTest@a1153bc</td></tr>
<tr>
<td title='tests.AddContactModule.AddModule()'><b>AddModule</b><br>Test class: tests.AddContactModule<br>Parameters: maytest@gmail.com, abdul123, Bee, Cube, 1999-12-21, qubebee@gmail.com, 8833440055, 1A heaven street, Near Hotchips, Udumalpet, Tamil Nadu, 665522, India, Duplicate, Click on any contact to view the Contact Details</td>
<td></td>
<td>4</td>
<td>tests.AddContactModule@7cc0cdad</td></tr>
<tr>
<td title='tests.NavigationModule.FontConsistency()'><b>FontConsistency</b><br>Test class: tests.NavigationModule</td>
<td></td>
<td>0</td>
<td>tests.NavigationModule@7b2bbc3</td></tr>
<tr>
<td title='tests.LoginModule.Login()'><b>Login</b><br>Test class: tests.LoginModule<br>Parameters: maytest@user.com, abdul123, invalid email, Incorrect username or password</td>
<td></td>
<td>0</td>
<td>tests.LoginModule@48f2bd5b</td></tr>
<tr>
<td title='tests.AddContactModule.AddModule()'><b>AddModule</b><br>Test class: tests.AddContactModule<br>Parameters: maytest@gmail.com, abdul123, Bee, Qube, 1999-12-21, qubebee@gmail.com, 9999, 1A heaven street, Near Hotchips, Udumalpet, Tamil Nadu, 665522, India, Invalid Phn, Contact validation failed: phone: Phone number is invalid</td>
<td></td>
<td>3</td>
<td>tests.AddContactModule@7cc0cdad</td></tr>
<tr>
<td title='tests.LoginModule.Login()'><b>Login</b><br>Test class: tests.LoginModule<br>Parameters: maytest@gmail.com, abdul123, valid, Contact List</td>
<td></td>
<td>1</td>
<td>tests.LoginModule@48f2bd5b</td></tr>
<tr>
<td title='tests.EditContactDetailsModule.VerifiyingCancelEdit()'><b>VerifiyingCancelEdit</b><br>Test class: tests.EditContactDetailsModule</td>
<td></td>
<td>7</td>
<td>tests.EditContactDetailsModule@55141def</td></tr>
<tr>
<td title='tests.SignUpModule.SignUpTest()'><b>SignUpTest</b><br>Test class: tests.SignUpModule<br>Parameters: Hope, Noodles, marchtesthope@gmail.com, abdul1234, Valid, Contact List</td>
<td></td>
<td>2</td>
<td>tests.SignUpModule@1aafa419</td></tr>
<tr>
<td title='tests.NavigationModule.AddContactNavTest()'><b>AddContactNavTest</b><br>Test class: tests.NavigationModule</td>
<td></td>
<td>4</td>
<td>tests.NavigationModule@7b2bbc3</td></tr>
<tr>
<td title='tests.SignUpModule.SignUpTest()'><b>SignUpTest</b><br>Test class: tests.SignUpModule<br>Parameters: , , , , No User, User validation failed: firstName: Path `firstName` is required., lastName: Path `lastName` is required., email: Email is invalid, password: Path `password` is required.</td>
<td></td>
<td>1</td>
<td>tests.SignUpModule@1aafa419</td></tr>
<tr>
<td title='tests.EditContactDetailsModule.EditingExsitingContact()'><b>EditingExsitingContact</b><br>Test class: tests.EditContactDetailsModule</td>
<td></td>
<td>14</td>
<td>tests.EditContactDetailsModule@55141def</td></tr>
<tr>
<td title='tests.DeleteContactModule.DeleteContact()'><b>DeleteContact</b><br>Test class: tests.DeleteContactModule</td>
<td></td>
<td>4</td>
<td>tests.DeleteContactModule@47eaca72</td></tr>
</table><p>
</body>
</html>